[2015-02-02 18:55:39] START
[2015-02-03 12:47:44] EDIT slugwiki/controllers/default.py: 0
[2015-02-20 22:51:58] EDIT perceptioncheck/controllers/wikia.py: 26
[2015-02-20 22:53:10] EDIT perceptioncheck/controllers/wikia.py: 102
[2015-02-20 22:53:30] EDIT perceptioncheck/views/wikia/index.html: 24
[2015-02-20 22:55:38] EDIT perceptioncheck/controllers/wikia.py: 0
[2015-02-20 22:55:50] EDIT perceptioncheck/views/wikia/index.html: 0
[2015-02-20 22:56:31] EDIT perceptioncheck/models/tables.py: 0
[2015-02-20 22:58:26] EDIT perceptioncheck/views/wikia/index.html: 0
[2015-02-20 22:59:02] EDIT perceptioncheck/models/tables.py: 0
[2015-02-20 22:59:37] EDIT perceptioncheck/views/wikia/index.html: 0
[2015-02-20 22:59:56] EDIT perceptioncheck/views/default/index.html: -23
[2015-02-20 23:03:58] EDIT perceptioncheck/views/default/index.html: 1
[2015-02-20 23:04:07] EDIT perceptioncheck/views/default/index.html: 1
[2015-02-20 23:05:17] EDIT perceptioncheck/views/default/index.html: 1
[2015-02-20 23:06:42] EDIT perceptioncheck/views/default/index.html: -1
[2015-02-20 23:06:46] EDIT perceptioncheck/views/default/index.html: -1
[2015-03-02 21:59:59] EDIT perceptioncheck/views/default/index.html: 1
[2015-03-02 22:00:43] EDIT perceptioncheck/views/default/index.html: 0
[2015-03-02 22:00:44] EDIT perceptioncheck/views/default/index.html: 0
[2015-03-02 22:01:29] EDIT perceptioncheck/views/default/index.html: 0
[2015-03-02 22:03:35] EDIT perceptioncheck/views/default/index.html: 0
[2015-03-02 22:05:38] EDIT perceptioncheck/views/default/index.html: 2
[2015-03-02 22:05:42] EDIT perceptioncheck/views/default/index.html: 0
[2015-03-02 22:07:37] EDIT perceptioncheck/views/default/index.html: -2
[2015-03-02 22:07:51] EDIT perceptioncheck/views/default/index.html: 0
[2015-03-02 22:07:58] EDIT perceptioncheck/views/default/index.html: 0
[2015-03-02 22:09:43] EDIT perceptioncheck/views/default/index.html: 0
[2015-03-02 22:10:19] EDIT perceptioncheck/views/default/index.html: 0
[2015-03-02 22:11:26] EDIT perceptioncheck/views/default/index.html: 0
[2015-03-02 22:11:29] EDIT perceptioncheck/views/default/index.html: 0
[2015-03-02 22:11:41] EDIT perceptioncheck/views/default/index.html: 0
[2015-03-02 22:11:46] EDIT perceptioncheck/views/default/index.html: 0
[2015-03-02 22:12:08] EDIT perceptioncheck/views/default/index.html: 0
[2015-03-02 22:12:58] EDIT perceptioncheck/views/default/index.html: 3
[2015-03-02 22:13:13] EDIT perceptioncheck/views/default/index.html: -1
[2015-03-02 23:06:27] EDIT perceptioncheck/views/default/index.html: -3
[2015-03-02 23:06:47] EDIT perceptioncheck/views/default/index.html: 3
[2015-03-02 23:06:59] EDIT perceptioncheck/views/default/index.html: 0
[2015-03-02 23:07:19] EDIT perceptioncheck/views/default/index.html: 0
[2015-03-02 23:07:30] EDIT perceptioncheck/views/default/index.html: 0
[2015-03-02 23:07:51] EDIT perceptioncheck/views/default/index.html: 0
[2015-03-02 23:08:25] UPLOAD C:/Users/David Nguyen/Desktop/web2py/applications/perceptioncheck/static/images/shadowrun.png: 707
[2015-03-02 23:08:36] EDIT perceptioncheck/views/default/index.html: 0
[2015-03-02 23:08:58] EDIT perceptioncheck/views/default/index.html: 0
[2015-03-04 00:27:35] EDIT perceptioncheck/models/tables.py: 11
[2015-03-04 00:27:50] EDIT perceptioncheck/models/tables.py: 1
[2015-03-04 00:28:28] CREATE games.py: 0
[2015-03-04 00:28:45] CREATE games/index.html: 0
[2015-03-04 00:28:54] CREATE games/new.html: 0
[2015-03-04 00:29:23] EDIT perceptioncheck/models/tables.py: 0
[2015-03-04 00:30:49] EDIT perceptioncheck/controllers/games.py: 1
[2015-03-04 00:30:57] EDIT perceptioncheck/controllers/games.py: 0
[2015-03-04 00:31:10] EDIT perceptioncheck/controllers/games.py: 2
[2015-03-04 01:44:32] EDIT perceptioncheck/models/tables.py: 5
[2015-03-04 01:45:15] EDIT perceptioncheck/models/tables.py: 1
[2015-03-04 01:52:36] EDIT perceptioncheck/models/tables.py: 2
[2015-03-04 01:54:06] EDIT perceptioncheck/models/tables.py: 1
[2015-03-04 01:59:46] EDIT perceptioncheck/models/tables.py: 2
[2015-03-04 02:00:07] EDIT perceptioncheck/models/tables.py: 1
[2015-03-04 02:22:59] EDIT perceptioncheck/models/tables.py: 1
[2015-03-04 02:24:10] EDIT perceptioncheck/models/tables.py: 3
[2015-03-04 02:31:57] EDIT perceptioncheck/controllers/games.py: 34
[2015-03-04 02:32:26] EDIT perceptioncheck/controllers/games.py: 0
[2015-03-04 02:33:17] EDIT perceptioncheck/controllers/games.py: 1
[2015-03-04 02:33:29] EDIT perceptioncheck/controllers/games.py: 0
[2015-03-04 02:34:50] EDIT perceptioncheck/controllers/games.py: 9
[2015-03-04 02:35:02] EDIT perceptioncheck/controllers/games.py: 0
[2015-03-04 02:35:21] EDIT perceptioncheck/controllers/games.py: 0
[2015-03-04 02:37:06] EDIT perceptioncheck/views/games/index.html: 22
[2015-03-04 02:37:43] EDIT perceptioncheck/views/games/index.html: -2
[2015-03-04 02:38:03] EDIT perceptioncheck/views/games/index.html: 0
[2015-03-04 02:38:24] CREATE games/view.html: 0
[2015-03-04 02:38:36] EDIT perceptioncheck/views/games/view.html: 6
[2015-03-04 02:39:01] EDIT perceptioncheck/views/games/new.html: 1
[2015-03-04 02:39:45] EDIT perceptioncheck/views/default/index.html: 1
[2015-03-04 02:41:05] EDIT perceptioncheck/controllers/games.py: 0
[2015-03-04 02:41:36] EDIT perceptioncheck/models/tables.py: 0
[2015-03-04 02:42:47] EDIT perceptioncheck/controllers/games.py: 1
[2015-03-04 02:42:52] EDIT perceptioncheck/controllers/games.py: 0
[2015-03-04 02:42:54] EDIT perceptioncheck/controllers/games.py: 0
[2015-03-04 02:42:57] EDIT perceptioncheck/controllers/games.py: 0
[2015-03-04 02:43:07] EDIT perceptioncheck/controllers/games.py: 0
[2015-03-04 02:43:17] EDIT perceptioncheck/controllers/games.py: 0
[2015-03-04 02:43:45] EDIT perceptioncheck/controllers/games.py: 1
[2015-03-04 02:43:50] EDIT perceptioncheck/controllers/games.py: -1
[2015-03-04 02:43:50] EDIT perceptioncheck/controllers/games.py: 0
[2015-03-04 02:43:51] EDIT perceptioncheck/controllers/games.py: 0
[2015-03-04 02:43:56] EDIT perceptioncheck/controllers/games.py: -1
[2015-03-04 02:44:13] EDIT perceptioncheck/controllers/games.py: 0
[2015-03-04 02:44:39] EDIT perceptioncheck/controllers/games.py: 1
[2015-03-04 02:44:46] EDIT perceptioncheck/controllers/games.py: -1
[2015-03-04 02:45:07] EDIT perceptioncheck/controllers/games.py: 1
[2015-03-04 02:45:09] EDIT perceptioncheck/controllers/games.py: 0
[2015-03-04 02:46:13] EDIT perceptioncheck/controllers/games.py: 0
[2015-03-04 02:49:40] EDIT perceptioncheck/views/games/index.html: -2
[2015-03-04 02:51:31] EDIT perceptioncheck/controllers/games.py: 0
[2015-03-04 02:51:38] EDIT perceptioncheck/controllers/games.py: 0
[2015-03-04 02:52:10] EDIT perceptioncheck/controllers/games.py: 1
[2015-03-04 02:52:27] EDIT perceptioncheck/controllers/games.py: 0
[2015-03-04 02:52:29] EDIT perceptioncheck/controllers/games.py: 0
[2015-03-04 02:52:29] EDIT perceptioncheck/controllers/games.py: 0
[2015-03-04 02:52:29] EDIT perceptioncheck/controllers/games.py: 0
[2015-03-04 02:52:34] EDIT perceptioncheck/controllers/games.py: -1
[2015-03-04 02:54:47] EDIT perceptioncheck/controllers/games.py: 1
[2015-03-04 02:54:52] EDIT perceptioncheck/controllers/games.py: -1
[2015-03-04 02:55:03] EDIT perceptioncheck/controllers/games.py: 1
[2015-03-04 02:55:23] EDIT perceptioncheck/controllers/games.py: 1
[2015-03-04 02:55:32] EDIT perceptioncheck/controllers/games.py: 0
[2015-03-04 02:55:33] EDIT perceptioncheck/controllers/games.py: 0
[2015-03-04 02:55:33] EDIT perceptioncheck/controllers/games.py: 0
[2015-03-04 02:55:33] EDIT perceptioncheck/controllers/games.py: 0
[2015-03-04 02:55:33] EDIT perceptioncheck/controllers/games.py: 0
[2015-03-04 02:55:52] EDIT perceptioncheck/controllers/games.py: 0
[2015-03-04 02:55:59] EDIT perceptioncheck/controllers/games.py: -1
[2015-03-04 02:56:01] EDIT perceptioncheck/controllers/games.py: 0
[2015-03-04 02:56:04] EDIT perceptioncheck/controllers/games.py: 0
[2015-03-04 02:56:09] EDIT perceptioncheck/controllers/games.py: 0
[2015-03-04 02:56:14] EDIT perceptioncheck/controllers/games.py: 0
[2015-03-04 02:56:18] EDIT perceptioncheck/controllers/games.py: 0
[2015-03-04 02:56:19] EDIT perceptioncheck/controllers/games.py: 0
[2015-03-04 02:56:19] EDIT perceptioncheck/controllers/games.py: 0
[2015-03-04 02:56:20] EDIT perceptioncheck/controllers/games.py: 0
[2015-03-04 02:56:31] EDIT perceptioncheck/controllers/games.py: 0
[2015-03-04 02:56:35] EDIT perceptioncheck/controllers/games.py: -1
[2015-03-04 02:57:03] EDIT perceptioncheck/controllers/games.py: 0
[2015-03-04 02:57:09] EDIT perceptioncheck/controllers/games.py: 1
[2015-03-04 02:57:12] EDIT perceptioncheck/controllers/games.py: -1
[2015-03-04 03:00:33] EDIT perceptioncheck/controllers/games.py: 1
[2015-03-04 03:00:37] EDIT perceptioncheck/controllers/games.py: -1
[2015-03-04 03:00:46] EDIT perceptioncheck/controllers/games.py: 1
[2015-03-04 03:00:48] EDIT perceptioncheck/controllers/games.py: -1
[2015-03-04 03:01:01] EDIT perceptioncheck/controllers/games.py: 0
[2015-03-04 03:01:07] EDIT perceptioncheck/controllers/games.py: 0
[2015-03-04 03:01:09] EDIT perceptioncheck/controllers/games.py: 0
[2015-03-04 03:04:31] EDIT perceptioncheck/controllers/games.py: 1
[2015-03-04 03:04:45] EDIT perceptioncheck/controllers/games.py: 0
[2015-03-04 03:04:49] EDIT perceptioncheck/controllers/games.py: 0
[2015-03-04 03:05:14] EDIT perceptioncheck/controllers/games.py: 1
[2015-03-04 03:07:13] EDIT perceptioncheck/models/tables.py: 2
[2015-03-04 03:08:34] EDIT perceptioncheck/models/tables.py: 0
[2015-03-04 03:08:52] EDIT perceptioncheck/models/tables.py: 0
[2015-03-04 03:09:37] EDIT perceptioncheck/models/tables.py: 0
[2015-03-04 03:10:06] EDIT perceptioncheck/models/tables.py: 0
[2015-03-04 03:10:30] EDIT perceptioncheck/models/tables.py: 1
[2015-03-04 03:10:49] EDIT perceptioncheck/models/tables.py: 1
[2015-03-04 03:11:56] EDIT perceptioncheck/models/tables.py: 0
[2015-03-04 15:17:58] EDIT perceptioncheck/models/tables.py: -1
[2015-03-04 15:18:21] EDIT perceptioncheck/models/tables.py: 0
[2015-03-04 15:18:42] EDIT perceptioncheck/controllers/games.py: 0
[2015-03-04 15:19:05] EDIT perceptioncheck/views/games/new.html: 0
[2015-03-04 15:19:17] EDIT perceptioncheck/views/games/view.html: 0
[2015-03-04 18:47:06] EDIT perceptioncheck/models/tables.py: 2
[2015-03-04 18:48:12] EDIT perceptioncheck/models/tables.py: 0
[2015-03-04 18:48:25] EDIT perceptioncheck/models/tables.py: 0
[2015-03-04 18:48:31] EDIT perceptioncheck/models/tables.py: 0
[2015-03-04 18:48:31] EDIT perceptioncheck/models/tables.py: 0
[2015-03-04 18:50:28] EDIT perceptioncheck/models/tables.py: 0
[2015-03-04 18:51:23] EDIT perceptioncheck/models/tables.py: 0
[2015-03-04 18:52:46] EDIT perceptioncheck/models/tables.py: 0
[2015-03-04 18:53:57] EDIT perceptioncheck/models/tables.py: 0
[2015-03-04 18:54:15] EDIT perceptioncheck/models/tables.py: 0
[2015-03-04 18:54:35] EDIT perceptioncheck/models/tables.py: 0
[2015-03-04 18:54:38] EDIT perceptioncheck/models/tables.py: 0
[2015-03-04 18:57:43] EDIT perceptioncheck/models/tables.py: 0
[2015-03-04 18:57:53] EDIT perceptioncheck/models/tables.py: 0
[2015-03-04 19:00:15] EDIT perceptioncheck/models/tables.py: 0
[2015-03-04 19:01:08] EDIT perceptioncheck/models/tables.py: 0
[2015-03-04 19:01:22] EDIT perceptioncheck/models/tables.py: 0
[2015-03-04 19:01:31] EDIT perceptioncheck/models/tables.py: 0
[2015-03-04 19:01:39] EDIT perceptioncheck/models/tables.py: 0
[2015-03-04 19:01:41] EDIT perceptioncheck/models/tables.py: 0
[2015-03-04 19:01:58] EDIT perceptioncheck/models/tables.py: 0
[2015-03-04 19:02:06] EDIT perceptioncheck/models/tables.py: 0
[2015-03-04 19:02:10] EDIT perceptioncheck/models/tables.py: 0
[2015-03-04 19:04:00] EDIT perceptioncheck/views/games/index.html: 0
[2015-03-04 19:04:42] EDIT perceptioncheck/models/tables.py: 1
[2015-03-04 19:05:34] EDIT perceptioncheck/views/games/index.html: 1
[2015-03-04 19:30:44] EDIT perceptioncheck/controllers/games.py: 0
[2015-03-04 19:30:55] EDIT perceptioncheck/controllers/games.py: 0
[2015-03-04 19:31:19] EDIT perceptioncheck/controllers/games.py: 0
[2015-03-04 19:31:58] EDIT perceptioncheck/views/games/index.html: -3
[2015-03-04 19:32:28] EDIT perceptioncheck/views/games/index.html: -3
[2015-03-04 19:32:52] EDIT perceptioncheck/views/games/index.html: -4
[2015-03-04 20:14:19] EDIT perceptioncheck/views/games/index.html: 9
[2015-03-04 20:58:23] EDIT perceptioncheck/controllers/games.py: 8
[2015-03-04 21:01:01] EDIT perceptioncheck/views/games/index.html: -10
[2015-03-04 21:01:04] EDIT perceptioncheck/views/games/index.html: 0
[2015-03-04 21:01:28] EDIT perceptioncheck/views/games/index.html: 0
[2015-03-04 21:03:23] EDIT perceptioncheck/views/games/index.html: 0
[2015-03-04 21:05:26] EDIT perceptioncheck/views/games/index.html: -1
[2015-03-04 21:06:56] EDIT perceptioncheck/views/games/view.html: -2
[2015-03-04 21:06:59] EDIT perceptioncheck/views/games/view.html: 0
[2015-03-04 21:11:35] EDIT perceptioncheck/models/tables.py: 1
[2015-03-04 21:11:43] EDIT perceptioncheck/models/tables.py: 2
[2015-03-04 21:11:48] EDIT perceptioncheck/models/tables.py: 0
[2015-03-04 21:13:19] EDIT perceptioncheck/controllers/games.py: -1
[2015-03-04 21:13:36] EDIT perceptioncheck/controllers/games.py: -1
[2015-03-04 21:13:55] EDIT perceptioncheck/controllers/games.py: 0
[2015-03-04 21:14:24] EDIT perceptioncheck/controllers/games.py: -1
[2015-03-05 13:09:11] EDIT perceptioncheck/controllers/games.py: 0
[2015-03-05 13:09:59] EDIT perceptioncheck/controllers/games.py: 0
[2015-03-05 13:12:23] EDIT perceptioncheck/controllers/games.py: 0
[2015-03-05 13:13:13] EDIT perceptioncheck/models/tables.py: 1
[2015-03-05 13:13:47] EDIT perceptioncheck/controllers/games.py: 0
[2015-03-05 13:14:12] EDIT perceptioncheck/controllers/games.py: 0
[2015-03-05 13:15:13] EDIT perceptioncheck/controllers/games.py: 0
[2015-03-05 13:15:56] EDIT perceptioncheck/controllers/games.py: 0
[2015-03-05 13:16:01] EDIT perceptioncheck/controllers/games.py: 0
[2015-03-05 14:16:09] EDIT perceptioncheck/models/tables.py: -1
[2015-03-05 14:20:44] EDIT perceptioncheck/views/games/index.html: 132
[2015-03-05 14:37:13] EDIT perceptioncheck/views/games/index.html: -134
[2015-03-05 14:37:16] EDIT perceptioncheck/controllers/games.py: 79
[2015-03-05 14:38:40] EDIT perceptioncheck/controllers/games.py: 0
[2015-03-05 14:39:03] EDIT perceptioncheck/controllers/games.py: 0
[2015-03-05 14:39:11] EDIT perceptioncheck/views/games/view.html: 0
[2015-03-05 14:39:30] EDIT perceptioncheck/views/games/index.html: 0
[2015-03-05 14:39:34] EDIT perceptioncheck/views/games/index.html: 0
[2015-03-05 14:42:58] EDIT perceptioncheck/controllers/games.py: 0
[2015-03-05 14:43:58] EDIT perceptioncheck/controllers/games.py: 1
[2015-03-05 14:44:44] EDIT perceptioncheck/controllers/games.py: 0
[2015-03-05 14:44:45] EDIT perceptioncheck/controllers/games.py: 0
[2015-03-05 14:45:15] EDIT perceptioncheck/controllers/games.py: 1
[2015-03-05 14:47:11] EDIT perceptioncheck/controllers/games.py: 0
[2015-03-05 19:13:47] EDIT perceptioncheck/controllers/games.py: 0
[2015-03-05 19:23:55] EDIT perceptioncheck/models/tables.py: 0
[2015-03-06 14:24:38] EDIT perceptioncheck/models/tables.py: 0
[2015-03-06 17:31:21] EDIT perceptioncheck/models/tables.py: 1
[2015-03-06 17:32:48] EDIT perceptioncheck/models/tables.py: 0
[2015-03-06 17:36:37] EDIT perceptioncheck/controllers/games.py: 0
[2015-03-06 17:37:44] EDIT perceptioncheck/models/tables.py: 2
[2015-03-06 17:38:11] EDIT perceptioncheck/controllers/games.py: 0
[2015-03-06 17:38:38] EDIT perceptioncheck/controllers/games.py: 0
[2015-03-06 17:38:45] EDIT perceptioncheck/models/tables.py: 0
[2015-03-06 17:39:17] EDIT perceptioncheck/controllers/games.py: -14
[2015-03-06 19:59:21] EDIT perceptioncheck/controllers/games.py: 6
[2015-03-06 19:59:34] EDIT perceptioncheck/controllers/games.py: 1
[2015-03-06 19:59:41] EDIT perceptioncheck/controllers/games.py: 0
[2015-03-06 19:59:42] EDIT perceptioncheck/controllers/games.py: 0
[2015-03-06 20:01:09] EDIT perceptioncheck/controllers/games.py: 0
[2015-03-06 20:01:14] EDIT perceptioncheck/controllers/games.py: 0
[2015-03-06 20:01:44] EDIT perceptioncheck/controllers/games.py: -6
[2015-03-06 20:02:17] EDIT perceptioncheck/controllers/games.py: 6
[2015-03-06 20:02:27] EDIT perceptioncheck/controllers/games.py: -6
[2015-03-06 20:32:13] EDIT perceptioncheck/controllers/games.py: 5
[2015-03-06 20:32:41] EDIT perceptioncheck/controllers/games.py: 0
[2015-03-06 20:46:17] EDIT perceptioncheck/controllers/games.py: 0
[2015-03-06 20:46:20] EDIT perceptioncheck/controllers/games.py: 0
[2015-03-06 20:52:12] EDIT perceptioncheck/controllers/games.py: 0
[2015-03-06 20:52:43] CREATE games/edit.html: 0
[2015-03-06 20:52:48] EDIT perceptioncheck/views/games/edit.html: 2
[2015-03-06 20:54:02] EDIT perceptioncheck/controllers/games.py: 0
[2015-03-06 20:54:27] EDIT perceptioncheck/controllers/games.py: -1
[2015-03-06 20:55:26] EDIT perceptioncheck/controllers/games.py: 0
[2015-03-06 20:57:18] EDIT perceptioncheck/controllers/games.py: -6
[2015-03-06 20:58:32] EDIT perceptioncheck/controllers/games.py: 0
[2015-03-06 20:58:52] EDIT perceptioncheck/controllers/games.py: -6
[2015-03-06 20:59:50] EDIT perceptioncheck/controllers/games.py: 6
[2015-03-06 21:01:04] EDIT perceptioncheck/controllers/games.py: -1
[2015-03-06 21:01:05] EDIT perceptioncheck/controllers/games.py: 0
[2015-03-06 21:01:05] EDIT perceptioncheck/controllers/games.py: 0
[2015-03-06 21:01:06] EDIT perceptioncheck/controllers/games.py: 0
[2015-03-06 21:01:06] EDIT perceptioncheck/controllers/games.py: 0
[2015-03-06 21:01:11] EDIT perceptioncheck/controllers/games.py: -5
[2015-03-06 21:01:29] EDIT perceptioncheck/controllers/games.py: 3
[2015-03-06 21:02:21] EDIT perceptioncheck/controllers/games.py: 2
[2015-03-06 21:02:58] EDIT perceptioncheck/controllers/games.py: 1
[2015-03-06 21:07:52] EDIT perceptioncheck/controllers/games.py: 5
[2015-03-06 21:08:06] EDIT perceptioncheck/controllers/games.py: -5
[2015-03-06 21:08:35] EDIT perceptioncheck/controllers/games.py: -5
[2015-03-06 21:08:37] EDIT perceptioncheck/controllers/games.py: -1
[2015-03-06 21:09:43] EDIT perceptioncheck/controllers/games.py: 5
[2015-03-06 21:09:48] EDIT perceptioncheck/controllers/games.py: 0
[2015-03-06 21:10:11] EDIT perceptioncheck/controllers/games.py: 1
[2015-03-06 21:10:37] EDIT perceptioncheck/controllers/games.py: 0
[2015-03-06 21:10:52] EDIT perceptioncheck/controllers/games.py: -1
[2015-03-06 21:11:12] EDIT perceptioncheck/controllers/games.py: 0
[2015-03-06 21:11:24] EDIT perceptioncheck/controllers/games.py: -1
[2015-03-06 21:11:42] EDIT perceptioncheck/controllers/games.py: 0
[2015-03-06 21:31:36] EDIT perceptioncheck/controllers/games.py: 0
[2015-03-06 21:32:18] EDIT perceptioncheck/controllers/games.py: 1
[2015-03-06 21:32:34] EDIT perceptioncheck/controllers/games.py: 0
[2015-03-06 21:33:48] EDIT perceptioncheck/controllers/games.py: 0
[2015-03-06 21:34:07] EDIT perceptioncheck/controllers/games.py: 0
[2015-03-06 21:35:19] EDIT perceptioncheck/controllers/games.py: 5
[2015-03-06 21:35:35] EDIT perceptioncheck/controllers/games.py: 0
[2015-03-06 21:35:54] EDIT perceptioncheck/controllers/games.py: -3
[2015-03-06 21:36:27] EDIT perceptioncheck/controllers/games.py: 0
[2015-03-06 21:37:34] EDIT perceptioncheck/controllers/games.py: 3
[2015-03-06 21:37:44] EDIT perceptioncheck/controllers/games.py: 1
[2015-03-06 21:37:48] EDIT perceptioncheck/controllers/games.py: 0
[2015-03-06 21:40:35] EDIT perceptioncheck/views/games/edit.html: 0
[2015-03-06 21:40:48] EDIT perceptioncheck/views/games/new.html: 1
[2015-03-06 21:42:41] EDIT perceptioncheck/controllers/games.py: 20
[2015-03-06 21:43:24] EDIT perceptioncheck/controllers/games.py: 0
[2015-03-06 21:43:59] EDIT perceptioncheck/controllers/games.py: -5
[2015-03-06 21:44:11] EDIT perceptioncheck/controllers/games.py: -2
[2015-03-06 21:45:00] EDIT perceptioncheck/controllers/games.py: 0
[2015-03-06 21:45:08] EDIT perceptioncheck/controllers/games.py: 0
[2015-03-06 21:45:10] EDIT perceptioncheck/controllers/games.py: 0
[2015-03-06 21:45:44] EDIT perceptioncheck/controllers/games.py: 0
[2015-03-06 21:45:50] EDIT perceptioncheck/controllers/games.py: 0
[2015-03-06 21:47:23] EDIT perceptioncheck/models/tables.py: -1
[2015-03-06 21:47:59] EDIT perceptioncheck/controllers/games.py: -7
[2015-03-06 21:49:09] EDIT perceptioncheck/controllers/games.py: -5
[2015-03-06 21:49:29] EDIT perceptioncheck/controllers/games.py: -2
[2015-03-06 21:50:34] EDIT perceptioncheck/controllers/games.py: 12
[2015-03-06 21:50:37] EDIT perceptioncheck/controllers/games.py: 0
[2015-03-06 21:50:39] EDIT perceptioncheck/controllers/games.py: 0
[2015-03-06 21:50:46] EDIT perceptioncheck/controllers/games.py: 0
[2015-03-06 21:50:49] EDIT perceptioncheck/controllers/games.py: 0
[2015-03-06 21:50:54] EDIT perceptioncheck/controllers/games.py: 0
[2015-03-06 21:51:23] EDIT perceptioncheck/controllers/games.py: 0
[2015-03-07 01:14:30] EDIT perceptioncheck/controllers/games.py: 0
[2015-03-07 01:51:52] EDIT perceptioncheck/controllers/games.py: 0
[2015-03-07 01:52:07] EDIT perceptioncheck/controllers/games.py: 0
[2015-03-07 01:52:09] EDIT perceptioncheck/controllers/games.py: 0
[2015-03-07 01:52:40] EDIT perceptioncheck/controllers/games.py: 0
[2015-03-07 01:53:01] EDIT perceptioncheck/controllers/games.py: -1
[2015-03-07 01:54:08] EDIT perceptioncheck/controllers/games.py: 0
[2015-03-07 01:56:17] EDIT perceptioncheck/controllers/games.py: 0
[2015-03-07 04:10:02] EDIT perceptioncheck/controllers/games.py: 1
[2015-03-07 04:10:04] EDIT perceptioncheck/controllers/games.py: -1
[2015-03-07 15:00:22] EDIT perceptioncheck/models/db.py: 5
[2015-03-07 15:00:54] EDIT perceptioncheck/models/db.py: 0
[2015-03-07 15:01:00] EDIT perceptioncheck/models/db.py: 0
[2015-03-09 05:28:01] EDIT perceptioncheck/models/tables.py: 5
[2015-03-09 05:29:56] EDIT perceptioncheck/models/tables.py: 3
[2015-03-09 05:33:52] EDIT perceptioncheck/models/tables.py: 0
[2015-03-09 05:34:35] EDIT perceptioncheck/models/db.py: -1
[2015-03-09 05:35:30] EDIT perceptioncheck/models/tables.py: -5
[2015-03-09 05:38:17] EDIT perceptioncheck/models/tables.py: 0
[2015-03-09 05:39:29] EDIT perceptioncheck/models/tables.py: -3
[2015-03-09 05:39:32] EDIT perceptioncheck/controllers/games.py: 0
[2015-03-09 05:39:38] EDIT perceptioncheck/models/db.py: 0
[2015-03-09 06:24:51] EDIT perceptioncheck/models/db.py: 0
[2015-03-09 06:25:04] EDIT perceptioncheck/models/db.py: 0
[2015-03-09 06:54:35] EDIT perceptioncheck/models/tables.py: 3
[2015-03-09 06:54:46] EDIT perceptioncheck/models/tables.py: 0
[2015-03-09 07:02:43] EDIT perceptioncheck/models/tables.py: 0
[2015-03-09 07:09:58] EDIT perceptioncheck/models/tables.py: 0
[2015-03-09 07:11:11] EDIT perceptioncheck/models/tables.py: 0
[2015-03-09 07:43:16] EDIT perceptioncheck/models/tables.py: 0
[2015-03-09 07:45:52] EDIT perceptioncheck/models/tables.py: 0
[2015-03-09 07:46:05] EDIT perceptioncheck/models/tables.py: 0
[2015-03-09 07:46:52] EDIT perceptioncheck/models/tables.py: 1
[2015-03-09 07:46:59] EDIT perceptioncheck/models/tables.py: 0
[2015-03-09 07:47:19] EDIT perceptioncheck/models/tables.py: 0
[2015-03-09 07:47:45] EDIT perceptioncheck/models/tables.py: 0
[2015-03-09 07:48:23] EDIT perceptioncheck/models/tables.py: 0
[2015-03-09 07:50:32] EDIT perceptioncheck/models/tables.py: 0
[2015-03-09 07:52:12] EDIT perceptioncheck/models/tables.py: 0
[2015-03-09 07:52:24] EDIT perceptioncheck/models/tables.py: 0
[2015-03-09 07:52:35] EDIT perceptioncheck/models/tables.py: 0
[2015-03-09 08:11:20] EDIT perceptioncheck/controllers/games.py: 1
[2015-03-09 08:13:20] EDIT perceptioncheck/controllers/games.py: 1
[2015-03-09 08:14:34] EDIT perceptioncheck/controllers/games.py: -1
[2015-03-09 08:14:55] EDIT perceptioncheck/controllers/games.py: 1
[2015-03-09 08:18:40] EDIT perceptioncheck/controllers/games.py: -1
[2015-03-09 08:18:59] EDIT perceptioncheck/controllers/games.py: 0
[2015-03-09 08:20:51] EDIT perceptioncheck/models/db.py: 0
[2015-03-09 08:20:54] EDIT perceptioncheck/models/tables.py: 0
[2015-03-09 08:23:58] EDIT perceptioncheck/controllers/games.py: -1
[2015-03-09 08:33:30] EDIT perceptioncheck/controllers/games.py: 1
[2015-03-09 08:34:50] EDIT perceptioncheck/controllers/games.py: 1
[2015-03-09 08:35:12] EDIT perceptioncheck/controllers/games.py: 0
[2015-03-09 08:35:28] EDIT perceptioncheck/controllers/games.py: 0
[2015-03-09 08:35:42] EDIT perceptioncheck/controllers/games.py: 0
[2015-03-09 08:37:49] EDIT perceptioncheck/models/tables.py: 0
[2015-03-09 08:37:56] EDIT perceptioncheck/controllers/games.py: -2
[2015-03-09 08:41:31] EDIT perceptioncheck/models/tables.py: 0
[2015-03-09 08:41:33] EDIT perceptioncheck/models/tables.py: 0
[2015-03-09 08:41:44] EDIT perceptioncheck/models/tables.py: 0
[2015-03-09 08:43:43] EDIT perceptioncheck/models/tables.py: 1
[2015-03-09 08:46:05] EDIT perceptioncheck/models/tables.py: -1
[2015-03-09 08:46:42] EDIT perceptioncheck/controllers/games.py: 1
[2015-03-09 08:46:48] EDIT perceptioncheck/controllers/games.py: 0
[2015-03-09 08:46:56] EDIT perceptioncheck/controllers/games.py: 0
[2015-03-09 08:47:15] EDIT perceptioncheck/controllers/games.py: 1
[2015-03-09 08:48:06] EDIT perceptioncheck/controllers/games.py: 1
[2015-03-09 08:48:19] EDIT perceptioncheck/controllers/games.py: 0
[2015-03-09 08:48:28] EDIT perceptioncheck/controllers/games.py: 0
[2015-03-09 08:48:38] EDIT perceptioncheck/views/games/view.html: 1
[2015-03-09 08:50:02] EDIT perceptioncheck/views/games/view.html: 0
[2015-03-09 08:50:08] EDIT perceptioncheck/views/games/view.html: 1
[2015-03-09 08:50:24] EDIT perceptioncheck/views/games/view.html: 0
[2015-03-09 08:50:50] EDIT perceptioncheck/views/games/view.html: -1
[2015-03-09 19:03:04] EDIT perceptioncheck/controllers/games.py: 2
[2015-03-09 19:03:13] EDIT perceptioncheck/controllers/games.py: 2
[2015-03-09 19:03:28] EDIT perceptioncheck/controllers/games.py: 1
[2015-03-09 19:03:31] EDIT perceptioncheck/controllers/games.py: 0
[2015-03-09 19:03:35] EDIT perceptioncheck/controllers/games.py: 0
[2015-03-09 19:03:36] EDIT perceptioncheck/controllers/games.py: 0
[2015-03-09 19:03:36] EDIT perceptioncheck/controllers/games.py: 0
[2015-03-09 19:03:41] EDIT perceptioncheck/controllers/games.py: 0
[2015-03-09 19:04:06] EDIT perceptioncheck/controllers/games.py: 0
[2015-03-09 19:04:16] EDIT perceptioncheck/controllers/games.py: 0
[2015-03-09 19:05:00] EDIT perceptioncheck/controllers/games.py: 0
[2015-03-09 19:05:49] EDIT perceptioncheck/controllers/games.py: 0
[2015-03-09 19:07:03] EDIT perceptioncheck/models/tables.py: 2
[2015-03-09 19:09:40] EDIT perceptioncheck/controllers/games.py: 0
[2015-03-09 19:10:19] EDIT perceptioncheck/models/db.py: 2
[2015-03-09 19:10:33] EDIT perceptioncheck/models/db.py: -2
[2015-03-09 19:11:31] EDIT perceptioncheck/controllers/default.py: 1
[2015-03-09 19:12:22] EDIT perceptioncheck/controllers/games.py: 0
[2015-03-09 19:14:28] EDIT perceptioncheck/controllers/games.py: 0
[2015-03-09 19:15:51] EDIT perceptioncheck/controllers/games.py: 1
[2015-03-09 19:16:18] EDIT perceptioncheck/controllers/games.py: 0
[2015-03-09 19:16:54] EDIT perceptioncheck/controllers/games.py: -1
[2015-03-09 19:17:01] EDIT perceptioncheck/controllers/games.py: -1
[2015-03-09 19:17:09] EDIT perceptioncheck/controllers/games.py: 0
[2015-03-09 19:18:53] EDIT perceptioncheck/controllers/games.py: 1
[2015-03-09 19:18:59] EDIT perceptioncheck/controllers/games.py: 0
[2015-03-09 19:20:00] EDIT perceptioncheck/controllers/games.py: -9
[2015-03-09 19:21:06] EDIT perceptioncheck/controllers/games.py: 1
[2015-03-09 19:21:31] EDIT perceptioncheck/controllers/games.py: 1
[2015-03-09 19:21:57] EDIT perceptioncheck/controllers/games.py: 0
[2015-03-09 19:22:26] EDIT perceptioncheck/controllers/games.py: 0
[2015-03-09 23:07:28] EDIT perceptioncheck/models/tables.py: 1
[2015-03-09 23:07:59] EDIT perceptioncheck/models/tables.py: 1
[2015-03-09 23:08:22] EDIT perceptioncheck/models/tables.py: 1
[2015-03-09 23:12:57] EDIT perceptioncheck/controllers/games.py: 4
[2015-03-09 23:13:05] EDIT perceptioncheck/controllers/games.py: 0
[2015-03-09 23:13:09] EDIT perceptioncheck/controllers/games.py: 0
[2015-03-09 23:13:12] EDIT perceptioncheck/controllers/games.py: 0
[2015-03-09 23:15:49] EDIT perceptioncheck/controllers/games.py: 0
[2015-03-09 23:16:33] EDIT perceptioncheck/controllers/games.py: 1
[2015-03-09 23:17:17] EDIT perceptioncheck/controllers/games.py: 0
[2015-03-09 23:17:25] EDIT perceptioncheck/controllers/games.py: 0
[2015-03-09 23:17:42] EDIT perceptioncheck/controllers/games.py: 0
[2015-03-09 23:18:02] EDIT perceptioncheck/controllers/games.py: 1
[2015-03-09 23:19:12] EDIT perceptioncheck/controllers/games.py: 1
[2015-03-09 23:22:35] EDIT perceptioncheck/controllers/games.py: 0
[2015-03-09 23:22:46] EDIT perceptioncheck/controllers/games.py: 0
[2015-03-09 23:24:21] EDIT perceptioncheck/controllers/games.py: 1
[2015-03-09 23:24:49] EDIT perceptioncheck/controllers/games.py: 0
[2015-03-09 23:25:45] EDIT perceptioncheck/controllers/games.py: -4
[2015-03-09 23:26:20] EDIT perceptioncheck/controllers/games.py: 6
[2015-03-09 23:28:56] EDIT perceptioncheck/controllers/games.py: -1
[2015-03-09 23:36:23] EDIT perceptioncheck/controllers/games.py: 0
[2015-03-09 23:38:09] EDIT perceptioncheck/models/tables.py: 1
[2015-03-09 23:38:49] EDIT perceptioncheck/controllers/games.py: 4
[2015-03-09 23:39:01] EDIT perceptioncheck/controllers/games.py: 0
[2015-03-09 23:39:35] EDIT perceptioncheck/controllers/games.py: 0
[2015-03-09 23:39:56] EDIT perceptioncheck/controllers/games.py: 0
[2015-03-09 23:40:03] EDIT perceptioncheck/controllers/games.py: 0
[2015-03-09 23:40:05] EDIT perceptioncheck/controllers/games.py: 0
[2015-03-09 23:40:09] EDIT perceptioncheck/controllers/games.py: 0
[2015-03-09 23:40:42] EDIT perceptioncheck/controllers/games.py: 3
[2015-03-09 23:40:49] EDIT perceptioncheck/controllers/games.py: 0
[2015-03-09 23:41:23] EDIT perceptioncheck/controllers/games.py: 0
[2015-03-09 23:41:41] EDIT perceptioncheck/controllers/games.py: 0
[2015-03-09 23:42:52] EDIT perceptioncheck/controllers/games.py: 0
[2015-03-09 23:43:00] EDIT perceptioncheck/controllers/games.py: -10
[2015-03-09 23:43:34] EDIT perceptioncheck/controllers/games.py: 9
[2015-03-09 23:44:01] EDIT perceptioncheck/controllers/games.py: -14
[2015-03-09 23:44:14] EDIT perceptioncheck/controllers/games.py: 0
[2015-03-09 23:44:59] EDIT perceptioncheck/controllers/games.py: -1
[2015-03-09 23:45:45] EDIT perceptioncheck/controllers/games.py: 0
[2015-03-09 23:46:03] EDIT perceptioncheck/controllers/games.py: 0
[2015-03-09 23:46:38] EDIT perceptioncheck/controllers/games.py: 0
[2015-03-09 23:46:42] EDIT perceptioncheck/controllers/games.py: 0
[2015-03-09 23:47:21] EDIT perceptioncheck/controllers/games.py: 1
[2015-03-09 23:47:49] EDIT perceptioncheck/controllers/games.py: -1
[2015-03-09 23:48:05] EDIT perceptioncheck/controllers/games.py: 0
[2015-03-09 23:48:45] EDIT perceptioncheck/controllers/games.py: 6
[2015-03-09 23:49:28] EDIT perceptioncheck/controllers/games.py: 0
[2015-03-09 23:49:42] EDIT perceptioncheck/controllers/games.py: -6
[2015-03-09 23:50:08] EDIT perceptioncheck/controllers/games.py: 6
[2015-03-09 23:50:27] EDIT perceptioncheck/controllers/games.py: 10
[2015-03-09 23:50:49] EDIT perceptioncheck/controllers/games.py: -16
[2015-03-09 23:51:25] EDIT perceptioncheck/controllers/games.py: 15
[2015-03-09 23:51:31] EDIT perceptioncheck/controllers/games.py: 0
[2015-03-09 23:52:02] EDIT perceptioncheck/controllers/games.py: -10
[2015-03-09 23:52:36] EDIT perceptioncheck/controllers/games.py: 0
[2015-03-09 23:57:32] EDIT perceptioncheck/controllers/games.py: 1
[2015-03-09 23:57:41] EDIT perceptioncheck/controllers/games.py: 0
[2015-03-09 23:58:21] EDIT perceptioncheck/controllers/games.py: 0
[2015-03-09 23:58:46] EDIT perceptioncheck/controllers/games.py: 0
[2015-03-09 23:58:57] EDIT perceptioncheck/controllers/games.py: 0
[2015-03-10 00:01:02] EDIT perceptioncheck/controllers/games.py: 0
[2015-03-10 00:01:30] EDIT perceptioncheck/controllers/games.py: 0
[2015-03-10 00:01:51] EDIT perceptioncheck/controllers/games.py: 0
[2015-03-10 00:03:15] EDIT perceptioncheck/controllers/games.py: -1
[2015-03-10 00:10:41] EDIT perceptioncheck/controllers/games.py: 1
[2015-03-10 00:11:13] EDIT perceptioncheck/controllers/games.py: -3
[2015-03-10 00:12:06] EDIT perceptioncheck/views/games/view.html: 0
[2015-03-10 00:12:14] EDIT perceptioncheck/views/games/view.html: 0
[2015-03-10 00:12:16] EDIT perceptioncheck/controllers/games.py: 0
[2015-03-10 00:13:07] EDIT perceptioncheck/views/games/view.html: -1
[2015-03-10 00:13:48] EDIT perceptioncheck/controllers/games.py: 2
[2015-03-10 00:13:55] EDIT perceptioncheck/controllers/games.py: 0
[2015-03-10 00:14:11] EDIT perceptioncheck/controllers/games.py: -1
[2015-03-10 00:14:46] EDIT perceptioncheck/controllers/games.py: 0
[2015-03-10 00:14:50] EDIT perceptioncheck/controllers/games.py: 0
[2015-03-10 00:15:19] EDIT perceptioncheck/controllers/games.py: 0
[2015-03-10 00:15:27] EDIT perceptioncheck/controllers/games.py: 0
[2015-03-10 00:17:21] EDIT perceptioncheck/controllers/games.py: 0
[2015-03-10 00:17:39] EDIT perceptioncheck/controllers/games.py: 0
[2015-03-10 00:17:44] EDIT perceptioncheck/controllers/games.py: 0
[2015-03-10 00:18:13] EDIT perceptioncheck/controllers/games.py: 0
[2015-03-10 00:19:33] EDIT perceptioncheck/controllers/games.py: 0
[2015-03-10 00:19:42] EDIT perceptioncheck/controllers/games.py: 0
[2015-03-10 00:19:51] EDIT perceptioncheck/controllers/games.py: 0
[2015-03-10 00:20:56] EDIT perceptioncheck/models/tables.py: -2
[2015-03-10 00:21:14] EDIT perceptioncheck/controllers/games.py: 0
[2015-03-10 00:21:28] EDIT perceptioncheck/controllers/games.py: 0
[2015-03-10 00:22:00] EDIT perceptioncheck/controllers/games.py: 0
[2015-03-10 00:24:46] EDIT perceptioncheck/models/tables.py: 0
[2015-03-10 00:25:50] EDIT perceptioncheck/controllers/games.py: 0
[2015-03-10 00:28:08] EDIT perceptioncheck/controllers/games.py: 0
[2015-03-10 00:33:14] EDIT perceptioncheck/controllers/games.py: 1
[2015-03-10 00:33:22] EDIT perceptioncheck/controllers/games.py: 0
[2015-03-10 00:34:11] EDIT perceptioncheck/controllers/games.py: 0
[2015-03-10 00:34:13] EDIT perceptioncheck/controllers/games.py: 0
[2015-03-10 00:34:24] EDIT perceptioncheck/controllers/games.py: 0
[2015-03-10 00:34:40] EDIT perceptioncheck/controllers/games.py: 0
[2015-03-10 00:34:46] EDIT perceptioncheck/controllers/games.py: 0
[2015-03-10 00:34:53] EDIT perceptioncheck/controllers/games.py: 0
[2015-03-10 00:35:07] EDIT perceptioncheck/views/games/view.html: 1
[2015-03-10 00:35:34] EDIT perceptioncheck/controllers/games.py: 0
[2015-03-10 00:37:19] EDIT perceptioncheck/controllers/games.py: 0
[2015-03-10 00:37:28] EDIT perceptioncheck/controllers/games.py: 0
[2015-03-10 00:37:59] EDIT perceptioncheck/controllers/games.py: 1
[2015-03-10 00:38:05] EDIT perceptioncheck/controllers/games.py: 0
[2015-03-10 00:38:10] EDIT perceptioncheck/controllers/games.py: 0
[2015-03-10 00:39:28] EDIT perceptioncheck/controllers/games.py: 0
[2015-03-10 00:39:48] EDIT perceptioncheck/controllers/games.py: 0
[2015-03-10 00:41:02] EDIT perceptioncheck/controllers/games.py: -1
[2015-03-10 00:42:15] EDIT perceptioncheck/controllers/games.py: 0
[2015-03-10 00:42:16] EDIT perceptioncheck/controllers/games.py: 0
[2015-03-10 00:42:16] EDIT perceptioncheck/controllers/games.py: 0
[2015-03-10 00:43:57] EDIT perceptioncheck/controllers/games.py: 0
[2015-03-10 00:44:39] EDIT perceptioncheck/controllers/games.py: 1
[2015-03-10 00:45:56] EDIT perceptioncheck/controllers/games.py: 2
[2015-03-10 00:46:05] EDIT perceptioncheck/controllers/games.py: 0
[2015-03-10 00:46:19] EDIT perceptioncheck/controllers/games.py: 1
[2015-03-10 00:47:09] EDIT perceptioncheck/controllers/games.py: -1
[2015-03-10 00:47:20] EDIT perceptioncheck/views/games/view.html: 1
[2015-03-10 00:47:47] EDIT perceptioncheck/controllers/games.py: 0
[2015-03-10 00:47:50] EDIT perceptioncheck/models/tables.py: 0
[2015-03-10 08:19:46] EDIT perceptioncheck/controllers/games.py: -1
[2015-03-10 08:24:58] EDIT perceptioncheck/controllers/games.py: 0
[2015-03-10 08:25:42] EDIT perceptioncheck/controllers/games.py: 0
[2015-03-10 08:26:53] EDIT perceptioncheck/controllers/games.py: 1
[2015-03-10 08:27:22] EDIT perceptioncheck/controllers/games.py: 0
[2015-03-10 08:28:02] EDIT perceptioncheck/controllers/games.py: 1
[2015-03-10 08:28:31] EDIT perceptioncheck/controllers/games.py: 0
[2015-03-10 08:28:34] EDIT perceptioncheck/controllers/games.py: 0
[2015-03-10 08:28:57] EDIT perceptioncheck/controllers/games.py: 0
[2015-03-10 08:29:09] EDIT perceptioncheck/views/games/view.html: 0
[2015-03-10 08:29:26] EDIT perceptioncheck/views/games/view.html: -1
[2015-03-10 08:30:01] EDIT perceptioncheck/controllers/games.py: 0
[2015-03-10 08:30:20] EDIT perceptioncheck/controllers/games.py: 0
[2015-03-10 08:35:02] EDIT perceptioncheck/controllers/games.py: 0
[2015-03-10 08:35:33] EDIT perceptioncheck/controllers/games.py: 1
[2015-03-10 08:37:15] EDIT perceptioncheck/controllers/games.py: 0
[2015-03-10 08:37:43] EDIT perceptioncheck/controllers/games.py: -2
[2015-03-10 08:38:57] EDIT perceptioncheck/controllers/games.py: -1
[2015-03-10 08:40:45] EDIT perceptioncheck/controllers/games.py: 1
[2015-03-10 08:40:53] EDIT perceptioncheck/controllers/games.py: 0
[2015-03-10 08:41:33] EDIT perceptioncheck/controllers/games.py: 0
[2015-03-10 08:41:43] EDIT perceptioncheck/controllers/games.py: 0
[2015-03-10 08:42:05] EDIT perceptioncheck/controllers/games.py: -1
[2015-03-10 08:43:05] EDIT perceptioncheck/controllers/games.py: 0
[2015-03-10 08:44:04] EDIT perceptioncheck/controllers/games.py: 0
[2015-03-10 08:44:42] EDIT perceptioncheck/views/games/view.html: 1
[2015-03-10 08:45:36] EDIT perceptioncheck/controllers/games.py: 2
[2015-03-10 08:45:43] EDIT perceptioncheck/controllers/games.py: 0
[2015-03-10 08:45:55] EDIT perceptioncheck/controllers/games.py: 0
[2015-03-10 08:49:31] EDIT perceptioncheck/controllers/games.py: 0
[2015-03-10 08:50:22] EDIT perceptioncheck/controllers/games.py: 0
[2015-03-10 08:50:38] EDIT perceptioncheck/controllers/games.py: -1
[2015-03-10 08:53:26] EDIT perceptioncheck/controllers/games.py: 1
[2015-03-10 08:53:31] EDIT perceptioncheck/controllers/games.py: 0
[2015-03-10 08:55:07] EDIT perceptioncheck/controllers/games.py: 0
[2015-03-10 08:55:31] EDIT perceptioncheck/controllers/games.py: 0
[2015-03-10 08:56:03] EDIT perceptioncheck/models/tables.py: 0
[2015-03-10 08:57:15] EDIT perceptioncheck/models/tables.py: 0
[2015-03-10 08:57:29] EDIT perceptioncheck/models/tables.py: 2
[2015-03-10 09:17:15] EDIT perceptioncheck/models/tables.py: 1
[2015-03-10 09:18:24] EDIT perceptioncheck/controllers/games.py: 0
[2015-03-10 10:08:04] EDIT perceptioncheck/controllers/games.py: 0
[2015-03-10 10:08:07] EDIT perceptioncheck/models/tables.py: 0
[2015-03-10 10:08:09] EDIT perceptioncheck/views/games/view.html: 0
[2015-03-10 11:36:47] EDIT perceptioncheck/controllers/games.py: 2
[2015-03-10 11:36:55] EDIT perceptioncheck/controllers/games.py: 0
[2015-03-10 11:37:43] EDIT perceptioncheck/controllers/games.py: 1
[2015-03-10 11:37:55] EDIT perceptioncheck/controllers/games.py: 0
[2015-03-10 11:41:20] EDIT perceptioncheck/models/tables.py: 0
[2015-03-10 11:41:22] EDIT perceptioncheck/views/games/view.html: 0
[2015-03-10 11:42:35] EDIT perceptioncheck/models/tables.py: 0
[2015-03-10 11:43:11] EDIT perceptioncheck/controllers/games.py: 1
[2015-03-10 11:43:28] EDIT perceptioncheck/controllers/games.py: 0
[2015-03-10 11:46:43] EDIT perceptioncheck/controllers/games.py: -1
[2015-03-10 11:47:10] EDIT perceptioncheck/controllers/games.py: 0
[2015-03-10 11:47:35] EDIT perceptioncheck/controllers/games.py: 0
[2015-03-10 11:48:26] EDIT perceptioncheck/controllers/games.py: 3
[2015-03-10 12:19:35] EDIT perceptioncheck/controllers/games.py: 0
[2015-03-10 12:21:39] EDIT perceptioncheck/views/games/view.html: 0
[2015-03-10 12:22:04] EDIT perceptioncheck/views/games/index.html: 1
[2015-03-10 13:02:10] EDIT perceptioncheck/controllers/games.py: 3
[2015-03-10 13:02:27] EDIT perceptioncheck/controllers/games.py: 0
[2015-03-10 13:02:29] EDIT perceptioncheck/controllers/games.py: 0
[2015-03-10 13:03:10] EDIT perceptioncheck/controllers/games.py: 0
[2015-03-10 13:03:27] EDIT perceptioncheck/controllers/games.py: 0
[2015-03-10 13:03:29] EDIT perceptioncheck/controllers/games.py: 0
[2015-03-10 13:03:29] EDIT perceptioncheck/controllers/games.py: 0
[2015-03-10 13:04:06] EDIT perceptioncheck/controllers/games.py: 0
[2015-03-10 13:04:13] EDIT perceptioncheck/controllers/games.py: 0
[2015-03-10 13:04:21] EDIT perceptioncheck/controllers/games.py: 0
[2015-03-10 13:04:27] EDIT perceptioncheck/controllers/games.py: 0
[2015-03-10 13:04:35] EDIT perceptioncheck/controllers/games.py: 0
[2015-03-10 13:04:36] EDIT perceptioncheck/controllers/games.py: 0
[2015-03-10 13:05:10] EDIT perceptioncheck/controllers/games.py: 0
[2015-03-10 13:05:24] EDIT perceptioncheck/controllers/games.py: 0
[2015-03-10 13:05:56] EDIT perceptioncheck/controllers/games.py: -1
[2015-03-10 13:06:09] EDIT perceptioncheck/controllers/games.py: -1
[2015-03-10 13:06:21] EDIT perceptioncheck/controllers/games.py: 0
[2015-03-10 13:08:49] EDIT perceptioncheck/controllers/games.py: 0
[2015-03-10 13:09:06] EDIT perceptioncheck/controllers/games.py: 0
[2015-03-10 13:09:42] EDIT perceptioncheck/controllers/games.py: 0
[2015-03-10 13:11:17] EDIT perceptioncheck/controllers/games.py: 0
[2015-03-10 13:12:23] EDIT perceptioncheck/controllers/games.py: 2
[2015-03-10 13:12:24] EDIT perceptioncheck/controllers/games.py: 0
[2015-03-10 13:12:49] EDIT perceptioncheck/controllers/games.py: 0
[2015-03-10 18:45:18] EDIT perceptioncheck/controllers/games.py: 0
[2015-03-10 18:45:25] EDIT perceptioncheck/controllers/games.py: 0
[2015-03-10 18:46:47] EDIT perceptioncheck/controllers/games.py: 0
[2015-03-10 18:47:05] EDIT perceptioncheck/controllers/games.py: 0
[2015-03-10 18:47:17] EDIT perceptioncheck/controllers/games.py: 0
[2015-03-10 18:47:26] EDIT perceptioncheck/controllers/games.py: 0
[2015-03-10 18:48:17] EDIT perceptioncheck/controllers/games.py: 0
[2015-03-10 18:48:34] EDIT perceptioncheck/controllers/games.py: 1
[2015-03-10 18:48:38] EDIT perceptioncheck/controllers/games.py: 0
[2015-03-10 18:48:44] EDIT perceptioncheck/controllers/games.py: 0
[2015-03-10 18:48:53] EDIT perceptioncheck/controllers/games.py: 0
[2015-03-10 18:49:06] EDIT perceptioncheck/views/games/view.html: 1
[2015-03-10 18:49:15] EDIT perceptioncheck/views/games/view.html: 0
[2015-03-10 18:49:18] EDIT perceptioncheck/controllers/games.py: 0
[2015-03-10 18:53:24] EDIT perceptioncheck/models/tables.py: 0
[2015-03-10 18:53:31] EDIT perceptioncheck/models/tables.py: 0
[2015-03-10 18:53:52] EDIT perceptioncheck/models/tables.py: 0
[2015-03-10 18:54:19] EDIT perceptioncheck/controllers/games.py: 0
[2015-03-10 18:54:51] EDIT perceptioncheck/controllers/games.py: 0
[2015-03-10 18:55:30] EDIT perceptioncheck/controllers/games.py: 0
[2015-03-10 18:55:52] EDIT perceptioncheck/controllers/games.py: 0
[2015-03-10 18:57:40] EDIT perceptioncheck/controllers/games.py: 0
[2015-03-10 18:59:42] EDIT perceptioncheck/controllers/games.py: 0
[2015-03-10 19:00:02] EDIT perceptioncheck/controllers/games.py: 0
[2015-03-10 19:01:50] EDIT perceptioncheck/controllers/games.py: 1
[2015-03-10 19:01:57] EDIT perceptioncheck/controllers/games.py: 0
[2015-03-10 19:02:08] EDIT perceptioncheck/controllers/games.py: 0
[2015-03-10 19:02:16] EDIT perceptioncheck/views/games/view.html: 1
[2015-03-10 19:02:46] EDIT perceptioncheck/controllers/games.py: 0
[2015-03-10 19:04:42] EDIT perceptioncheck/controllers/games.py: 0
[2015-03-10 19:06:14] EDIT perceptioncheck/controllers/games.py: 1
[2015-03-10 19:06:28] EDIT perceptioncheck/controllers/games.py: 0
[2015-03-10 19:06:33] EDIT perceptioncheck/controllers/games.py: 0
[2015-03-10 19:06:49] EDIT perceptioncheck/controllers/games.py: 0
[2015-03-10 20:46:46] EDIT perceptioncheck/controllers/games.py: 0
[2015-03-10 20:46:59] EDIT perceptioncheck/controllers/games.py: 0
[2015-03-10 21:05:10] EDIT perceptioncheck/controllers/games.py: 1
[2015-03-10 21:07:26] EDIT perceptioncheck/controllers/games.py: 0
[2015-03-10 21:09:53] EDIT perceptioncheck/controllers/games.py: 0
[2015-03-10 21:10:17] EDIT perceptioncheck/controllers/games.py: -1
[2015-03-10 21:11:07] EDIT perceptioncheck/controllers/games.py: 0
[2015-03-10 21:11:16] EDIT perceptioncheck/controllers/games.py: 0
[2015-03-10 21:15:16] EDIT perceptioncheck/controllers/games.py: 0
[2015-03-10 21:21:52] EDIT perceptioncheck/controllers/games.py: 0
[2015-03-11 01:00:01] EDIT perceptioncheck/controllers/games.py: 2
[2015-03-11 02:24:58] EDIT perceptioncheck/controllers/games.py: 0
[2015-03-11 02:43:52] EDIT perceptioncheck/models/tables.py: 0
[2015-03-11 02:44:05] EDIT perceptioncheck/controllers/games.py: 0
[2015-03-11 02:45:10] EDIT perceptioncheck/models/tables.py: 0
[2015-03-11 02:45:26] EDIT perceptioncheck/controllers/games.py: 0
[2015-03-11 02:46:53] EDIT perceptioncheck/models/db.py: 0
[2015-03-11 02:50:54] EDIT perceptioncheck/controllers/games.py: 0
[2015-03-11 02:50:57] EDIT perceptioncheck/controllers/games.py: 0
[2015-03-11 02:52:20] EDIT perceptioncheck/controllers/games.py: 0
[2015-03-11 02:53:19] EDIT perceptioncheck/controllers/games.py: 0
[2015-03-11 02:53:52] EDIT perceptioncheck/controllers/games.py: 0
[2015-03-11 02:55:07] EDIT perceptioncheck/controllers/games.py: 0
[2015-03-11 03:00:41] EDIT perceptioncheck/models/db.py: 17
[2015-03-11 03:00:57] EDIT perceptioncheck/views/games/view.html: 0
[2015-03-11 03:00:59] EDIT perceptioncheck/views/games/index.html: 0
[2015-03-11 03:01:11] EDIT perceptioncheck/controllers/games.py: 0
[2015-03-11 03:02:59] EDIT perceptioncheck/controllers/games.py: 0
[2015-03-11 03:03:02] EDIT perceptioncheck/views/games/index.html: 0
[2015-03-11 03:03:05] EDIT perceptioncheck/models/tables.py: 0
[2015-03-11 03:03:08] EDIT perceptioncheck/models/db.py: 0
[2015-03-11 03:03:10] EDIT perceptioncheck/views/games/view.html: 0
[2015-03-11 03:05:49] EDIT perceptioncheck/models/db.py: 0
[2015-03-11 03:08:22] EDIT perceptioncheck/models/db.py: 0
[2015-03-11 03:08:52] EDIT perceptioncheck/controllers/games.py: 0
[2015-03-11 03:09:00] EDIT perceptioncheck/controllers/games.py: 0
[2015-03-11 03:13:39] EDIT perceptioncheck/controllers/games.py: 0
[2015-03-11 03:14:17] EDIT perceptioncheck/controllers/games.py: 0
[2015-03-11 03:14:42] EDIT perceptioncheck/controllers/games.py: 0
[2015-03-11 03:15:43] EDIT perceptioncheck/controllers/games.py: 0
[2015-03-11 03:17:17] EDIT perceptioncheck/models/db.py: 0
[2015-03-11 04:57:49] EDIT perceptioncheck/models/tables.py: 0
[2015-03-11 05:00:43] EDIT perceptioncheck/controllers/games.py: 3
[2015-03-11 05:01:00] EDIT perceptioncheck/controllers/games.py: 0
[2015-03-11 05:01:13] EDIT perceptioncheck/controllers/games.py: 0
[2015-03-11 05:01:20] EDIT perceptioncheck/controllers/games.py: 0
[2015-03-11 05:01:52] EDIT perceptioncheck/controllers/games.py: 0
[2015-03-11 05:01:54] EDIT perceptioncheck/controllers/games.py: 0
[2015-03-11 05:02:02] EDIT perceptioncheck/controllers/games.py: 0
[2015-03-11 05:02:03] EDIT perceptioncheck/controllers/games.py: 0
[2015-03-11 05:02:11] EDIT perceptioncheck/controllers/games.py: 0
[2015-03-11 05:02:41] EDIT perceptioncheck/controllers/games.py: 0
[2015-03-11 05:04:38] EDIT perceptioncheck/controllers/games.py: 0
[2015-03-11 05:08:28] EDIT perceptioncheck/controllers/games.py: 3
[2015-03-11 05:08:55] EDIT perceptioncheck/controllers/games.py: 0
[2015-03-11 05:09:21] EDIT perceptioncheck/controllers/games.py: 0
[2015-03-11 05:12:47] EDIT perceptioncheck/controllers/games.py: 3
[2015-03-11 14:19:50] EDIT perceptioncheck/controllers/games.py: 0
[2015-03-11 14:20:04] EDIT perceptioncheck/models/tables.py: 0
[2015-03-11 14:20:06] EDIT perceptioncheck/views/games/index.html: 0
[2015-03-11 14:20:08] EDIT perceptioncheck/views/games/new.html: 0
[2015-03-11 14:22:24] EDIT perceptioncheck/static/css/web2py.css: 270
[2015-03-11 14:23:06] EDIT perceptioncheck/static/css/web2py.css: 0
[2015-03-11 18:56:37] EDIT perceptioncheck/models/tables.py: 12
[2015-03-11 18:58:12] EDIT perceptioncheck/controllers/default.py: 80
[2015-03-11 18:58:23] EDIT perceptioncheck/controllers/default.py: 0
[2015-03-11 18:59:15] CREATE default/profile.html: 0
[2015-03-11 18:59:18] EDIT perceptioncheck/views/default/profile.html: 24
[2015-03-11 19:01:58] EDIT perceptioncheck/models/tables.py: 16
[2015-03-11 19:02:53] EDIT perceptioncheck/models/tables.py: 0
[2015-03-11 19:05:45] EDIT perceptioncheck/controllers/default.py: 0
[2015-03-11 19:09:06] EDIT perceptioncheck/controllers/default.py: -13
[2015-03-11 19:10:08] EDIT perceptioncheck/controllers/default.py: -2
[2015-03-11 19:11:06] EDIT perceptioncheck/controllers/default.py: -7
[2015-03-11 19:11:55] EDIT perceptioncheck/controllers/default.py: -8
[2015-03-11 19:13:00] EDIT perceptioncheck/controllers/default.py: 0
[2015-03-11 19:13:33] EDIT perceptioncheck/controllers/default.py: 1
[2015-03-11 19:13:40] EDIT perceptioncheck/controllers/default.py: 0
[2015-03-11 19:18:22] EDIT perceptioncheck/controllers/default.py: -67
[2015-03-11 19:19:06] EDIT perceptioncheck/controllers/default.py: -2
[2015-03-11 20:13:09] EDIT perceptioncheck/views/default/profile.html: -1
[2015-03-11 20:13:24] EDIT perceptioncheck/views/default/profile.html: -5
[2015-03-11 20:13:46] EDIT perceptioncheck/views/default/profile.html: -1
[2015-03-11 20:14:15] EDIT perceptioncheck/views/default/profile.html: -4
[2015-03-11 20:16:07] EDIT perceptioncheck/models/tables.py: 5
[2015-03-11 20:16:15] EDIT perceptioncheck/models/tables.py: 0
[2015-03-11 20:16:29] EDIT perceptioncheck/models/tables.py: 0
[2015-03-11 20:16:46] EDIT perceptioncheck/models/tables.py: -4
[2015-03-11 20:16:54] EDIT perceptioncheck/models/tables.py: -8
[2015-03-11 20:17:14] EDIT perceptioncheck/models/tables.py: -3
[2015-03-11 20:35:25] EDIT perceptioncheck/models/tables.py: 0
[2015-03-11 20:36:16] EDIT perceptioncheck/models/tables.py: 0
[2015-03-11 20:36:42] EDIT perceptioncheck/controllers/default.py: 0
[2015-03-11 20:39:09] EDIT perceptioncheck/views/default/index.html: 1
[2015-03-11 20:39:26] EDIT perceptioncheck/views/default/index.html: 0
[2015-03-11 20:39:48] EDIT perceptioncheck/views/default/index.html: 0
[2015-03-11 20:40:08] EDIT perceptioncheck/views/default/index.html: 0
[2015-03-11 20:40:34] EDIT perceptioncheck/views/default/profile.html: -1
[2015-03-11 20:40:56] EDIT perceptioncheck/views/default/profile.html: -1
[2015-03-11 20:41:36] EDIT perceptioncheck/views/games/index.html: 2
[2015-03-11 21:04:41] EDIT perceptioncheck/models/tables.py: 0
[2015-03-11 21:04:58] EDIT perceptioncheck/models/tables.py: 0
[2015-03-11 21:05:03] EDIT perceptioncheck/controllers/games.py: 0
[2015-03-11 21:05:06] EDIT perceptioncheck/controllers/default.py: 0
[2015-03-11 21:05:10] EDIT perceptioncheck/views/default/profile.html: 0
[2015-03-11 21:05:13] EDIT perceptioncheck/views/default/index.html: 0
[2015-03-11 21:05:16] EDIT perceptioncheck/views/games/index.html: 0
[2015-03-11 21:07:14] EDIT perceptioncheck/controllers/default.py: 0
[2015-03-11 21:07:34] EDIT perceptioncheck/controllers/default.py: 0
[2015-03-11 21:08:14] EDIT perceptioncheck/models/tables.py: 0
[2015-03-11 21:08:45] EDIT perceptioncheck/models/tables.py: 0
[2015-03-11 21:09:00] EDIT perceptioncheck/controllers/default.py: 0
[2015-03-11 21:09:25] EDIT perceptioncheck/models/tables.py: 0
[2015-03-11 21:09:52] EDIT perceptioncheck/controllers/default.py: 0
[2015-03-11 21:09:53] EDIT perceptioncheck/controllers/default.py: 0
[2015-03-11 21:23:35] EDIT perceptioncheck/controllers/default.py: 0
[2015-03-11 23:05:15] EDIT perceptioncheck/controllers/default.py: 0
[2015-03-11 23:46:15] EDIT perceptioncheck/controllers/default.py: 0
[2015-03-11 23:48:28] EDIT perceptioncheck/controllers/default.py: 6
[2015-03-11 23:48:53] EDIT perceptioncheck/controllers/default.py: 0
[2015-03-11 23:48:57] EDIT perceptioncheck/controllers/default.py: 0
[2015-03-11 23:49:09] EDIT perceptioncheck/controllers/default.py: 0
[2015-03-11 23:52:05] EDIT perceptioncheck/models/tables.py: 1
[2015-03-11 23:52:25] EDIT perceptioncheck/models/tables.py: 0
[2015-03-11 23:54:05] EDIT perceptioncheck/controllers/games.py: 0
[2015-03-12 00:02:11] EDIT perceptioncheck/controllers/games.py: 7
[2015-03-12 00:02:20] EDIT perceptioncheck/controllers/games.py: 0
[2015-03-12 00:02:24] EDIT perceptioncheck/controllers/games.py: 0
[2015-03-12 00:02:41] EDIT perceptioncheck/controllers/games.py: 0
[2015-03-12 00:02:49] EDIT perceptioncheck/controllers/games.py: 0
[2015-03-12 00:02:58] EDIT perceptioncheck/controllers/games.py: 0
[2015-03-12 00:03:13] EDIT perceptioncheck/controllers/games.py: 0
[2015-03-12 00:03:28] EDIT perceptioncheck/models/tables.py: 0
[2015-03-12 00:03:30] EDIT perceptioncheck/controllers/games.py: 0
[2015-03-12 00:07:41] EDIT perceptioncheck/controllers/games.py: -4
[2015-03-12 00:08:00] EDIT perceptioncheck/controllers/games.py: -1
[2015-03-12 00:08:17] EDIT perceptioncheck/controllers/games.py: 5
[2015-03-12 00:17:59] EDIT perceptioncheck/controllers/games.py: 2
[2015-03-12 00:20:31] EDIT perceptioncheck/controllers/games.py: 0
[2015-03-12 00:26:38] EDIT perceptioncheck/controllers/games.py: 0
[2015-03-12 00:26:55] EDIT perceptioncheck/controllers/games.py: 0
[2015-03-12 01:23:24] EDIT perceptioncheck/controllers/games.py: 4
[2015-03-12 02:06:52] EDIT perceptioncheck/models/tables.py: 0
[2015-03-12 02:06:55] EDIT perceptioncheck/controllers/default.py: 0
[2015-03-12 02:06:57] EDIT perceptioncheck/controllers/games.py: 0
[2015-03-12 02:08:49] EDIT perceptioncheck/controllers/games.py: 0
[2015-03-12 02:10:14] EDIT perceptioncheck/controllers/games.py: 0
[2015-03-12 02:13:09] EDIT perceptioncheck/models/tables.py: 0
[2015-03-12 02:14:38] EDIT perceptioncheck/controllers/games.py: 2
[2015-03-12 02:15:40] EDIT perceptioncheck/controllers/games.py: 0
[2015-03-12 02:24:11] EDIT perceptioncheck/controllers/games.py: -1
[2015-03-12 02:26:37] EDIT perceptioncheck/controllers/games.py: 4
[2015-03-12 02:26:52] EDIT perceptioncheck/controllers/games.py: 1
[2015-03-12 02:27:09] EDIT perceptioncheck/controllers/games.py: 0
[2015-03-12 02:27:19] EDIT perceptioncheck/controllers/games.py: 0
[2015-03-12 02:31:46] EDIT perceptioncheck/controllers/games.py: 1
[2015-03-12 02:32:37] EDIT perceptioncheck/controllers/games.py: 2
[2015-03-12 02:32:58] EDIT perceptioncheck/controllers/games.py: 0
[2015-03-12 02:34:40] CREATE games/delete.html: 0
[2015-03-12 02:34:51] EDIT perceptioncheck/views/games/delete.html: -1
[2015-03-12 02:35:17] EDIT perceptioncheck/controllers/games.py: 0
[2015-03-12 02:35:30] EDIT perceptioncheck/controllers/games.py: 0
[2015-03-12 02:35:45] EDIT perceptioncheck/controllers/games.py: 0
[2015-03-12 02:37:56] EDIT perceptioncheck/controllers/games.py: 9
[2015-03-12 02:38:05] CREATE games/delete2.html: 0
[2015-03-12 02:38:19] EDIT perceptioncheck/controllers/games.py: 0
[2015-03-12 02:38:39] EDIT perceptioncheck/controllers/games.py: 0
[2015-03-12 02:39:14] EDIT perceptioncheck/controllers/games.py: 0
[2015-03-12 02:41:13] EDIT perceptioncheck/controllers/games.py: 0
[2015-03-12 02:43:30] EDIT perceptioncheck/controllers/games.py: 4
[2015-03-12 02:43:39] EDIT perceptioncheck/controllers/games.py: 0
[2015-03-12 02:43:56] EDIT perceptioncheck/controllers/games.py: 0
[2015-03-12 02:44:08] EDIT perceptioncheck/controllers/games.py: 0
[2015-03-12 04:13:53] EDIT perceptioncheck/controllers/games.py: 1
[2015-03-12 04:13:56] EDIT perceptioncheck/models/tables.py: 0
[2015-03-12 04:13:59] EDIT perceptioncheck/controllers/default.py: 0
[2015-03-12 04:14:03] EDIT perceptioncheck/controllers/games.py: 0
[2015-03-12 04:14:10] EDIT perceptioncheck/controllers/games.py: 0
[2015-03-12 04:22:12] EDIT perceptioncheck/controllers/games.py: 0
[2015-03-12 04:23:20] EDIT perceptioncheck/controllers/games.py: 0
[2015-03-12 04:23:56] EDIT perceptioncheck/models/tables.py: 0
[2015-03-12 04:24:08] EDIT perceptioncheck/controllers/games.py: 0
[2015-03-12 06:51:05] EDIT perceptioncheck/controllers/games.py: 0
[2015-03-12 06:51:07] EDIT perceptioncheck/models/tables.py: 0
[2015-03-12 06:51:09] EDIT perceptioncheck/controllers/default.py: 0
[2015-03-12 17:14:38] EDIT perceptioncheck/controllers/games.py: 3
[2015-03-12 17:14:47] EDIT perceptioncheck/controllers/games.py: 0
[2015-03-12 17:22:41] EDIT perceptioncheck/controllers/games.py: 0
[2015-03-12 17:24:44] EDIT perceptioncheck/controllers/games.py: 0
[2015-03-12 17:25:35] EDIT perceptioncheck/controllers/games.py: 1
[2015-03-12 17:25:41] EDIT perceptioncheck/controllers/games.py: 0
[2015-03-12 17:27:30] EDIT perceptioncheck/controllers/games.py: 2
[2015-03-12 17:27:45] EDIT perceptioncheck/views/games/view.html: 1
[2015-03-12 17:28:30] EDIT perceptioncheck/controllers/games.py: 0
[2015-03-12 17:29:48] EDIT perceptioncheck/controllers/games.py: 0
[2015-03-12 17:29:58] EDIT perceptioncheck/views/games/view.html: 0
[2015-03-12 17:30:00] EDIT perceptioncheck/controllers/games.py: 0
[2015-03-12 17:30:16] EDIT perceptioncheck/controllers/games.py: 0
[2015-03-12 17:31:10] EDIT perceptioncheck/views/games/view.html: 0
[2015-03-12 17:49:30] EDIT perceptioncheck/controllers/games.py: 0
[2015-03-12 17:49:33] EDIT perceptioncheck/controllers/games.py: 0
[2015-03-12 17:49:56] EDIT perceptioncheck/controllers/games.py: 0
[2015-03-12 17:50:00] EDIT perceptioncheck/controllers/games.py: 0
[2015-03-12 17:50:38] EDIT perceptioncheck/controllers/default.py: 0
[2015-03-12 17:50:46] EDIT perceptioncheck/models/tables.py: 0
[2015-03-12 17:51:44] EDIT perceptioncheck/models/tables.py: 1
[2015-03-12 17:52:06] EDIT perceptioncheck/models/tables.py: 1
[2015-03-12 17:52:57] EDIT perceptioncheck/models/tables.py: -1
[2015-03-12 17:55:45] EDIT perceptioncheck/controllers/games.py: 0
[2015-03-12 17:57:09] EDIT perceptioncheck/controllers/games.py: 0
[2015-03-12 17:57:31] EDIT perceptioncheck/controllers/games.py: 0
[2015-03-12 17:59:38] EDIT perceptioncheck/models/tables.py: -1
[2015-03-12 18:00:14] EDIT perceptioncheck/controllers/games.py: 0
[2015-03-12 18:01:27] EDIT perceptioncheck/models/tables.py: -1
[2015-03-12 18:01:51] EDIT perceptioncheck/views/default/index.html: 0
[2015-03-12 18:02:31] EDIT perceptioncheck/views/games/index.html: 0
[2015-03-12 20:19:06] EDIT perceptioncheck/views/games/index.html: 0
[2015-03-12 20:20:59] EDIT perceptioncheck/controllers/games.py: 0
[2015-03-12 20:22:25] EDIT perceptioncheck/views/games/view.html: 1
[2015-03-12 20:22:44] EDIT perceptioncheck/controllers/games.py: 1
[2015-03-12 20:31:01] EDIT perceptioncheck/controllers/wikia.py: 0
[2015-03-12 20:31:04] EDIT perceptioncheck/controllers/games.py: 1
[2015-03-12 20:31:44] EDIT perceptioncheck/views/games/view.html: 0
[2015-03-12 20:32:08] EDIT perceptioncheck/controllers/games.py: 0
[2015-03-12 20:32:34] EDIT perceptioncheck/views/games/view.html: 0
[2015-03-12 20:32:58] EDIT perceptioncheck/views/games/view.html: 0
[2015-03-12 20:34:24] EDIT perceptioncheck/controllers/games.py: -1
[2015-03-12 20:35:23] EDIT perceptioncheck/views/games/view.html: 0
[2015-03-12 20:36:11] EDIT perceptioncheck/views/games/view.html: 0
[2015-03-12 20:36:38] EDIT perceptioncheck/controllers/default.py: -57
[2015-03-12 20:37:11] EDIT perceptioncheck/controllers/games.py: 0
[2015-03-12 20:38:01] EDIT perceptioncheck/views/games/index.html: -1
[2015-03-12 20:38:43] EDIT perceptioncheck/views/wikia/index.html: 0
[2015-03-12 20:38:45] EDIT perceptioncheck/models/tables.py: 0
[2015-03-12 20:39:02] EDIT perceptioncheck/views/default/index.html: -1
[2015-03-12 20:46:18] EDIT perceptioncheck/models/tables.py: -7
[2015-03-12 20:48:34] EDIT perceptioncheck/controllers/wikia.py: 34
[2015-03-12 21:07:27] EDIT perceptioncheck/views/games/view.html: 0
[2015-03-12 21:07:50] EDIT perceptioncheck/views/games/view.html: 0
[2015-03-12 21:18:14] EDIT perceptioncheck/views/games/view.html: 0
[2015-03-12 21:18:21] EDIT perceptioncheck/controllers/wikia.py: 0
[2015-03-12 21:19:00] EDIT perceptioncheck/controllers/wikia.py: 1
[2015-03-12 21:19:55] EDIT perceptioncheck/controllers/wikia.py: 0
[2015-03-13 00:07:36] EDIT perceptioncheck/controllers/wikia.py: 0
[2015-03-13 00:07:40] EDIT perceptioncheck/models/tables.py: 0
[2015-03-13 00:07:56] EDIT perceptioncheck/models/tables.py: 1
[2015-03-13 00:09:09] EDIT perceptioncheck/controllers/wikia.py: 0
[2015-03-13 00:09:21] EDIT perceptioncheck/controllers/wikia.py: 1
[2015-03-13 00:09:53] EDIT perceptioncheck/views/wikia/index.html: 0
[2015-03-13 00:10:12] EDIT perceptioncheck/controllers/default.py: 0
[2015-03-13 00:10:16] EDIT perceptioncheck/views/games/view.html: 0
[2015-03-13 00:10:42] EDIT perceptioncheck/controllers/wikia.py: -1
[2015-03-13 00:12:24] EDIT perceptioncheck/models/tables.py: 0
[2015-03-13 00:14:57] EDIT perceptioncheck/controllers/wikia.py: 31
[2015-03-13 00:15:58] CREATE wikia/revision.html: 0
[2015-03-13 00:16:01] EDIT perceptioncheck/views/wikia/revision.html: 6
[2015-03-13 00:16:47] CREATE wikia/create.html: 0
[2015-03-13 00:16:56] EDIT perceptioncheck/views/wikia/create.html: 0
[2015-03-13 00:17:22] CREATE wikia/documents.html: 0
[2015-03-13 00:17:26] EDIT perceptioncheck/views/wikia/documents.html: 2
[2015-03-13 00:22:10] EDIT perceptioncheck/views/wikia/index.html: -13
[2015-03-13 00:24:30] CREATE forum/index.html: 0
[2015-03-13 00:24:52] EDIT perceptioncheck/views/forum/index.html: 0
[2015-03-13 00:25:27] CREATE forum/new.html: 0
[2015-03-13 00:25:45] EDIT perceptioncheck/views/forum/new.html: 2
[2015-03-13 00:26:53] EDIT perceptioncheck/views/forum/new.html: -1
[2015-03-13 00:26:56] EDIT perceptioncheck/views/forum/index.html: 1
[2015-03-13 00:27:47] CREATE forum.py: 0
[2015-03-13 00:27:54] EDIT perceptioncheck/controllers/forum.py: 95
[2015-03-13 00:28:48] EDIT perceptioncheck/models/tables.py: 71
[2015-03-13 00:31:07] EDIT perceptioncheck/views/default/index.html: 1
[2015-03-13 00:32:15] CREATE forum/create_forum.html: 0
[2015-03-13 00:32:18] EDIT perceptioncheck/views/forum/create_forum.html: 2
[2015-03-13 00:35:47] EDIT perceptioncheck/models/tables.py: -71
[2015-03-13 00:36:04] DELETE perceptioncheck/controllers/forum.py: -96
[2015-03-13 00:36:10] DELETE perceptioncheck/views/forum/index.html: -4
[2015-03-13 00:36:15] DELETE perceptioncheck/views/forum/new.html: -4
[2015-03-13 00:36:22] DELETE perceptioncheck/views/forum/create_forum.html: -5
[2015-03-13 00:36:53] EDIT perceptioncheck/views/default/index.html: -1
[2015-03-13 04:19:41] EDIT perceptioncheck/views/default/index.html: 0
[2015-03-13 04:31:08] EDIT perceptioncheck/models/db.py: 1
[2015-03-13 04:31:34] EDIT perceptioncheck/models/tables.py: 10
[2015-03-13 04:32:03] CREATE messaging.py: 0
[2015-03-13 04:32:23] EDIT perceptioncheck/controllers/messaging.py: 70
[2015-03-13 04:32:46] CREATE messaging/create.html: 0
[2015-03-13 04:32:56] CREATE messaging/index.html: 0
[2015-03-13 04:33:04] CREATE messaging/outbox.html: 0
[2015-03-13 04:33:09] CREATE messaging/read.html: 0
[2015-03-13 04:33:24] EDIT perceptioncheck/views/messaging/read.html: 0
[2015-03-13 04:33:33] EDIT perceptioncheck/views/messaging/outbox.html: 5
[2015-03-13 04:33:42] EDIT perceptioncheck/views/messaging/index.html: 5
[2015-03-13 04:33:50] EDIT perceptioncheck/views/messaging/create.html: 1
[2015-03-13 04:35:11] EDIT perceptioncheck/models/db.py: 0
[2015-03-13 04:36:18] EDIT perceptioncheck/models/tables.py: 1
[2015-03-13 04:37:15] EDIT perceptioncheck/models/db.py: 1
[2015-03-13 04:38:35] EDIT perceptioncheck/controllers/messaging.py: 0
[2015-03-13 04:39:10] EDIT perceptioncheck/models/tables.py: 0
[2015-03-13 04:40:36] EDIT perceptioncheck/views/messaging/outbox.html: 0
[2015-03-13 04:40:37] EDIT perceptioncheck/views/messaging/index.html: 0
[2015-03-13 04:40:39] EDIT perceptioncheck/views/messaging/create.html: 0
[2015-03-13 04:40:41] EDIT perceptioncheck/controllers/messaging.py: 0
[2015-03-13 04:40:43] EDIT perceptioncheck/models/db.py: 0
[2015-03-13 04:40:44] EDIT perceptioncheck/models/tables.py: 0
[2015-03-13 04:42:25] EDIT perceptioncheck/models/db.py: 1
[2015-03-13 04:53:14] EDIT perceptioncheck/models/db.py: 0
[2015-03-13 04:54:13] EDIT perceptioncheck/controllers/messaging.py: -2
[2015-03-13 04:54:18] EDIT perceptioncheck/controllers/messaging.py: 0
[2015-03-13 04:54:38] EDIT perceptioncheck/views/messaging/outbox.html: 0
[2015-03-13 04:54:44] EDIT perceptioncheck/views/messaging/read.html: 0
[2015-03-13 04:56:25] EDIT perceptioncheck/controllers/messaging.py: 0
[2015-03-13 04:57:03] EDIT perceptioncheck/controllers/messaging.py: 0
[2015-03-13 04:57:12] CREATE messaging/inbox.html: 0
[2015-03-13 04:57:15] EDIT perceptioncheck/views/messaging/inbox.html: 5
[2015-03-13 04:57:43] EDIT perceptioncheck/views/messaging/inbox.html: 0
[2015-03-13 04:57:49] EDIT perceptioncheck/views/messaging/inbox.html: 0
[2015-03-13 04:57:57] EDIT perceptioncheck/views/messaging/inbox.html: 0
[2015-03-13 04:57:59] EDIT perceptioncheck/views/messaging/read.html: 0
[2015-03-13 04:58:00] EDIT perceptioncheck/views/messaging/outbox.html: 0
[2015-03-13 04:58:03] EDIT perceptioncheck/views/messaging/create.html: 0
[2015-03-13 04:58:05] EDIT perceptioncheck/controllers/messaging.py: 0
[2015-03-13 04:58:07] EDIT perceptioncheck/models/db.py: 0
[2015-03-13 04:58:09] EDIT perceptioncheck/models/tables.py: 0
[2015-03-13 05:00:17] EDIT perceptioncheck/views/messaging/outbox.html: 0
[2015-03-13 05:00:26] EDIT perceptioncheck/views/messaging/inbox.html: 0
[2015-03-13 05:00:39] EDIT perceptioncheck/views/messaging/inbox.html: 0
[2015-03-13 05:00:41] EDIT perceptioncheck/views/messaging/outbox.html: 0
[2015-03-13 05:02:57] EDIT perceptioncheck/views/messaging/outbox.html: 0
[2015-03-13 05:03:01] EDIT perceptioncheck/views/messaging/inbox.html: 0
[2015-03-13 05:03:41] EDIT perceptioncheck/models/tables.py: 0
[2015-03-13 05:03:53] EDIT perceptioncheck/controllers/messaging.py: 0
